
=== Wed Apr 24 17:02:48 2019

Packages were changed.
Update Mode: updateDependencies

The following packages were added:
  com.unity.collab-proxy@1.2.15
The following packages were updated:
  com.unity.analytics from version 2.0.16 to 3.2.2
  com.unity.package-manager-ui from version 1.9.11 to 2.0.7
  com.unity.textmeshpro from version 1.2.4 to 1.3.0

=== Thu Jun 13 14:16:43 2019

Packages were changed.
Update Mode: updateDependencies

The following packages were updated:
  com.unity.textmeshpro from version 1.3.0 to 1.4.1

=== Wed Jan 29 02:06:04 2020

Packages were changed.
Update Mode: updateDependencies

The following packages were updated:
  com.unity.package-manager-ui from version 2.0.7 to 2.0.8
  com.unity.xr.oculus.android from version 1.36.0 to 1.38.3
  com.unity.xr.oculus.standalone from version 1.36.0 to 1.38.3

=== Tue Mar 10 11:06:12 2020

Packages were changed.
Update Mode: updateDependencies

The following packages were updated:
  com.unity.analytics from version 3.2.2 to 3.2.3

=== Tue May 16 17:15:53 2023

Packages were changed.
Update Mode: updateDependencies

The following packages were updated:
  com.unity.package-manager-ui from version 2.0.8 to 2.0.13
  com.unity.purchasing from version 2.0.3 to 2.2.1
